[0.052s] Invoking command in '/home/yangy/SpiderBot/ros2_workspace/build/hardware_interface': CMAKE_PREFIX_PATH=/opt/ros/humble /usr/bin/cmake --build /home/yangy/SpiderBot/ros2_workspace/build/hardware_interface -- -j4 -l4
[0.361s] [35m[1mConsolidate compiler generated dependencies of target camera[0m
[0.482s] [ 50%] [32mBuilding CXX object CMakeFiles/camera.dir/src/camera.cpp.o[0m
[16.021s] [01m[K/home/yangy/SpiderBot/ros2_workspace/src/hardware_interface/src/camera.cpp:14:20:[m[K [01;31m[Kerror: [m[Kâ€˜[01m[KCvBridge[m[Kâ€™ in namespace â€˜[01m[Kcv_bridge[m[Kâ€™ does not name a type
[16.022s]    14 |         cv_bridge::[01;31m[KCvBridge[m[K bridge_;
[16.023s]       |                    [01;31m[K^~~~~~~~[m[K
[16.023s] [01m[K/home/yangy/SpiderBot/ros2_workspace/src/hardware_interface/src/camera.cpp:[m[K In constructor â€˜[01m[KCameraNode::CameraNode()[m[Kâ€™:
[16.024s] [01m[K/home/yangy/SpiderBot/ros2_workspace/src/hardware_interface/src/camera.cpp:17:44:[m[K [01;31m[Kerror: [m[Kclass â€˜[01m[KCameraNode[m[Kâ€™ does not have any field named â€˜[01m[Kbridge_[m[Kâ€™
[16.024s]    17 |         CameraNode(): Node("camera_node"), [01;31m[Kbridge_[m[K() {
[16.025s]       |                                            [01;31m[K^~~~~~~[m[K
[16.099s] [01m[K/home/yangy/SpiderBot/ros2_workspace/src/hardware_interface/src/camera.cpp:[m[K In lambda function:
[16.099s] [01m[K/home/yangy/SpiderBot/ros2_workspace/src/hardware_interface/src/camera.cpp:29:33:[m[K [01;31m[Kerror: [m[Kâ€˜[01m[Kbridge_[m[Kâ€™ was not declared in this scope
[16.100s]    29 |                         *msg = *[01;31m[Kbridge_[m[K.cv2_to_imgmsg(frame, "bgr8");
[16.100s]       |                                 [01;31m[K^~~~~~~[m[K
[21.533s] gmake[2]: *** [CMakeFiles/camera.dir/build.make:76: CMakeFiles/camera.dir/src/camera.cpp.o] Error 1
[21.535s] gmake[1]: *** [CMakeFiles/Makefile2:137: CMakeFiles/camera.dir/all] Error 2
[21.536s] gmake: *** [Makefile:146: all] Error 2
[21.549s] Invoked command in '/home/yangy/SpiderBot/ros2_workspace/build/hardware_interface' returned '2': CMAKE_PREFIX_PATH=/opt/ros/humble /usr/bin/cmake --build /home/yangy/SpiderBot/ros2_workspace/build/hardware_interface -- -j4 -l4
