[01m[K/home/yangy/SpiderBot/ros2_workspace/src/hardware_interface/src/camera.cpp:14:20:[m[K [01;31m[Kerror: [m[Kâ€˜[01m[KCvBridge[m[Kâ€™ in namespace â€˜[01m[Kcv_bridge[m[Kâ€™ does not name a type
   14 |         cv_bridge::[01;31m[KCvBridge[m[K bridge_;
      |                    [01;31m[K^~~~~~~~[m[K
[01m[K/home/yangy/SpiderBot/ros2_workspace/src/hardware_interface/src/camera.cpp:[m[K In lambda function:
[01m[K/home/yangy/SpiderBot/ros2_workspace/src/hardware_interface/src/camera.cpp:29:33:[m[K [01;31m[Kerror: [m[Kâ€˜[01m[Kbridge_[m[Kâ€™ was not declared in this scope
   29 |                         *msg = *[01;31m[Kbridge_[m[K.cv2_to_imgmsg(frame, "bgr8");
      |                                 [01;31m[K^~~~~~~[m[K
gmake[2]: *** [CMakeFiles/camera.dir/build.make:76: CMakeFiles/camera.dir/src/camera.cpp.o] Error 1
gmake[1]: *** [CMakeFiles/Makefile2:137: CMakeFiles/camera.dir/all] Error 2
gmake: *** [Makefile:146: all] Error 2
